Сборка начата 27.04.2019 10:03:22.
     1>Проект "C:\Users\Вова\Documents\Visual Studio 2012\Projects\Master Semestr 2\CV_ImageClassification - копия\CV_ImageClassification\CV_ImageClassification.vcxproj" в узле 2 (целевые объекты Build).
     1>C:\Program Files\MSBuild\Microsoft.Cpp\v4.0\V120\Microsoft.CppBuild.targets(355,5): warning MSB8003: Could not find WindowsSDKDir variable from the registry.  TargetFrameworkVersion or PlatformToolset may be set to an invalid version number.
     1>ClCompile:
         C:\Program Files\Microsoft Visual Studio 12.0\VC\bin\CL.exe /c /AI"C:\Program Files\Reference Assemblies\Microsoft\Framework\.NETFramework\v4.0" /Zi /clr /nologo /W3 /WX- /Od /Oy- /D WIN32 /D _DEBUG /D _USING_V110_SDK71_ /D _UNICODE /D UNICODE /EHa /MDd /GS /fp:precise /Zc:wchar_t /Zc:forScope /Yu"stdafx.h" /Fp"Debug\CV_ImageClassification.pch" /Fo"Debug\\" /Fd"Debug\vc120.pdb" /TP /FU"C:\Program Files\Reference Assemblies\Microsoft\Framework\.NETFramework\v4.0\mscorlib.dll" /FU"C:\Program Files\Reference Assemblies\Microsoft\Framework\.NETFramework\v4.0\System.Data.dll" /FU"C:\Program Files\Reference Assemblies\Microsoft\Framework\.NETFramework\v4.0\System.dll" /FU"C:\Program Files\Reference Assemblies\Microsoft\Framework\.NETFramework\v4.0\System.Drawing.dll" /FU"C:\Program Files\Reference Assemblies\Microsoft\Framework\.NETFramework\v4.0\System.Windows.Forms.dll" /FU"C:\Program Files\Reference Assemblies\Microsoft\Framework\.NETFramework\v4.0\System.Xml.dll" /analyze- /errorReport:prompt /clr:nostdlib CV_ImageClassification.cpp
         CV_ImageClassification.cpp
     1>c:\users\вова\documents\visual studio 2012\projects\master semestr 2\cv_imageclassification - копия\cv_imageclassification\form1.h(411): warning C4715: CV_ImageClassification::Form1::typeClasses: значение возвращается не при всех путях выполнения
       Link:
         C:\Program Files\Microsoft Visual Studio 12.0\VC\bin\link.exe /ERRORREPORT:PROMPT /OUT:"C:\Users\Вова\Documents\Visual Studio 2012\Projects\Master Semestr 2\CV_ImageClassification - копия\Debug\CV_ImageClassification.exe" /INCREMENTAL /NOLOGO opencv_calib3d2411d.lib opencv_contrib2411d.lib opencv_core2411d.lib opencv_features2d2411d.lib opencv_flann2411d.lib opencv_gpu2411d.lib opencv_highgui2411d.lib opencv_imgproc2411d.lib opencv_legacy2411d.lib opencv_ml2411d.lib opencv_nonfree2411d.lib opencv_objdetect2411d.lib opencv_photo2411d.lib opencv_stitching2411d.lib opencv_ts2411d.lib opencv_video2411d.lib opencv_videostab2411d.lib kernel32.lib user32.lib gdi32.lib winspool.lib comdlg32.lib advapi32.lib shell32.lib ole32.lib oleaut32.lib uuid.lib odbc32.lib odbccp32.lib /ASSEMBLYRESOURCE:Debug\CV_ImageClassification.Form1.resources /MANIFEST /MANIFESTUAC:"level='asInvoker' uiAccess='false'" /manifest:embed /DEBUG /PDB:"C:\Users\Вова\Documents\Visual Studio 2012\Projects\Master Semestr 2\CV_ImageClassification - копия\Debug\CV_ImageClassification.pdb" /ASSEMBLYDEBUG /SUBSYSTEM:WINDOWS,"5.01" /TLBID:1 /ENTRY:"main" /DYNAMICBASE /FIXED:NO /NXCOMPAT /MACHINE:X86 Debug\app.res
         Debug\AssemblyInfo.obj
         Debug\CV_ImageClassification.obj
         Debug\stdafx.obj
         "Debug\.NETFramework,Version=v4.0.AssemblyAttributes.obj"
     1>opencv_ts2411d.lib(ts_gtest.obj) : warning LNK4099: "opencv_ts2411d.pdb" PDB эх эрщфхэ ё "opencv_ts2411d.lib(ts_gtest.obj)" шыш эр "C:\Users\┬ютр\Documents\Visual Studio 2012\Projects\Master Semestr 2\CV_ImageClassification - ъюяш \Debug\opencv_ts2411d.pdb"; ъюьяюэютър юс·хъЄр т√яюыэ хЄё  ъръ яЁш юЄёєЄёЄтшш юЄырфюўэ√ї фрээ√ї
     1>opencv_ts2411d.lib(ts_perf.obj) : warning LNK4099: "opencv_ts2411d.pdb" PDB эх эрщфхэ ё "opencv_ts2411d.lib(ts_perf.obj)" шыш эр "C:\Users\┬ютр\Documents\Visual Studio 2012\Projects\Master Semestr 2\CV_ImageClassification - ъюяш \Debug\opencv_ts2411d.pdb"; ъюьяюэютър юс·хъЄр т√яюыэ хЄё  ъръ яЁш юЄёєЄёЄтшш юЄырфюўэ√ї фрээ√ї
     1>opencv_ts2411d.lib(opencv_ts_pch.obj) : warning LNK4099: "opencv_ts2411d.pdb" PDB эх эрщфхэ ё "opencv_ts2411d.lib(opencv_ts_pch.obj)" шыш эр "C:\Users\┬ютр\Documents\Visual Studio 2012\Projects\Master Semestr 2\CV_ImageClassification - ъюяш \Debug\opencv_ts2411d.pdb"; ъюьяюэютър юс·хъЄр т√яюыэ хЄё  ъръ яЁш юЄёєЄёЄтшш юЄырфюўэ√ї фрээ√ї
         CV_ImageClassification.vcxproj -> C:\Users\Вова\Documents\Visual Studio 2012\Projects\Master Semestr 2\CV_ImageClassification - копия\Debug\CV_ImageClassification.exe
     1>Сборка проекта "C:\Users\Вова\Documents\Visual Studio 2012\Projects\Master Semestr 2\CV_ImageClassification - копия\CV_ImageClassification\CV_ImageClassification.vcxproj" завершена (целевые объекты Build).

Сборка успешно завершена.

Затраченное время: 00:00:15.73
